TN:
SF:/mnt/c/users/popes/onedrive/desktop/si/embedded-systems-course-atmega328p/drivers/gpio/gpio.c
FN:13,37,GPIO_Init
FN:48,60,GPIO_Write
FN:71,81,GPIO_Read
FN:91,103,GPIO_Toggle
FNDA:4,GPIO_Init
FNDA:4,GPIO_Write
FNDA:4,GPIO_Read
FNDA:0,GPIO_Toggle
FNF:4
FNH:3
DA:13,4
DA:14,4
DA:15,4
DA:16,4
DA:17,2
DA:19,2
DA:21,4
DA:22,0
DA:23,0
DA:24,0
DA:26,0
DA:28,0
DA:29,0
DA:30,0
DA:31,0
DA:33,0
DA:35,0
DA:37,4
DA:48,4
DA:49,4
DA:50,4
DA:51,4
DA:52,4
DA:53,0
DA:54,0
DA:55,0
DA:56,0
DA:57,0
DA:58,0
DA:60,4
DA:71,4
DA:72,4
DA:73,4
DA:74,4
DA:75,0
DA:76,0
DA:77,0
DA:78,0
DA:80,0
DA:91,0
DA:92,0
DA:93,0
DA:94,0
DA:95,0
DA:96,0
DA:97,0
DA:98,0
DA:99,0
DA:100,0
DA:101,0
DA:103,0
LF:51
LH:18
end_of_record
