TN:
SF:/mnt/c/users/popes/onedrive/desktop/si/embedded-systems-course-atmega328p/drivers/gpio/gpio.c
FN:13,37,GPIO_Init
FN:48,60,GPIO_Write
FN:71,81,GPIO_Read
FN:91,103,GPIO_Toggle
FNDA:4,GPIO_Init
FNDA:4,GPIO_Write
FNDA:4,GPIO_Read
FNDA:0,GPIO_Toggle
FNF:4
FNH:3
DA:13,4
DA:14,4
DA:15,4
DA:16,4
DA:17,2
DA:19,2
DA:21,4
DA:22,0
DA:23,0
DA:24,0
DA:26,0
DA:28,0
DA:29,0
DA:30,0
DA:31,0
DA:33,0
DA:35,0
DA:37,4
DA:48,4
DA:49,4
DA:50,4
DA:51,4
DA:52,4
DA:53,0
DA:54,0
DA:55,0
DA:56,0
DA:57,0
DA:58,0
DA:60,4
DA:71,4
DA:72,4
DA:73,4
DA:74,4
DA:75,0
DA:76,0
DA:77,0
DA:78,0
DA:80,0
DA:91,0
DA:92,0
DA:93,0
DA:94,0
DA:95,0
DA:96,0
DA:97,0
DA:98,0
DA:99,0
DA:100,0
DA:101,0
DA:103,0
LF:51
LH:18
end_of_record
TN:
SF:/mnt/c/users/popes/onedrive/desktop/si/embedded-systems-course-atmega328p/test/mocks/registers.c
FN:66,77,Reset_Registers
FNDA:10,Reset_Registers
FNF:1
FNH:1
DA:66,10
DA:67,10
DA:68,10
DA:69,10
DA:70,10
DA:71,10
DA:72,10
DA:73,10
DA:74,10
DA:75,10
DA:76,10
DA:77,10
LF:12
LH:12
end_of_record
TN:
SF:/mnt/c/users/popes/onedrive/desktop/si/embedded-systems-course-atmega328p/test/test_gpio.c
FN:12,18,test_gpio_init_output
FN:20,28,test_gpio_init_input
FN:30,33,test_gpio_write_high
FN:35,39,test_gpio_write_low
FN:41,49,test_gpio_read
FN:51,63,main
FNDA:2,test_gpio_init_output
FNDA:2,test_gpio_init_input
FNDA:2,test_gpio_write_high
FNDA:2,test_gpio_write_low
FNDA:2,test_gpio_read
FNDA:2,main
FNF:6
FNH:6
DA:12,2
DA:14,2
DA:17,2
DA:20,2
DA:23,2
DA:24,2
DA:27,2
DA:30,2
DA:31,2
DA:32,2
DA:35,2
DA:36,2
DA:37,2
DA:38,2
DA:41,2
DA:42,2
DA:43,2
DA:44,2
DA:46,2
DA:47,2
DA:48,2
DA:51,2
DA:52,2
DA:54,2
DA:55,2
DA:56,2
DA:57,2
DA:58,2
DA:62,2
LF:29
LH:29
end_of_record
