        -:    0:Source:drivers/gpio/gpio.c
        -:    0:Graph:bin/coverage/test_gpio.gcno
        -:    0:Data:bin/coverage/test_gpio.gcda
        -:    0:Runs:2
        -:    1:#include "gpio.h"
        -:    2:#include "utils.h"
        -:    3:
        -:    4:/**
        -:    5: * @brief Initializes a specific GPIO pin with the given direction.
        -:    6: * 
        -:    7: * Configures the Data Direction Register (DDR) for the specified port.
        -:    8: * 
        -:    9: * @param port The GPIO port (GPIO_PORTB, GPIO_PORTC, GPIO_PORTD).
        -:   10: * @param pin The pin number (0-7).
        -:   11: * @param dir The direction (GPIO_INPUT or GPIO_OUTPUT).
        -:   12: */
        4:   13:void GPIO_Init(gpio_port_t port, uint8_t pin, gpio_dir_t dir) {
        4:   14:    switch (port) {
        4:   15:        case GPIO_PORTB:
        4:   16:            if (dir == GPIO_OUTPUT) {
        2:   17:                SET_BIT(DDRB, pin);
        -:   18:            } else {
        2:   19:                CLEAR_BIT(DDRB, pin);
        -:   20:            }
        4:   21:            break;
    #####:   22:        case GPIO_PORTC:
    #####:   23:            if (dir == GPIO_OUTPUT) {
    #####:   24:                SET_BIT(DDRC, pin);
        -:   25:            } else {
    #####:   26:                CLEAR_BIT(DDRC, pin);
        -:   27:            }
    #####:   28:            break;
    #####:   29:        case GPIO_PORTD:
    #####:   30:            if (dir == GPIO_OUTPUT) {
    #####:   31:                SET_BIT(DDRD, pin);
        -:   32:            } else {
    #####:   33:                CLEAR_BIT(DDRD, pin);
        -:   34:            }
    #####:   35:            break;
        -:   36:    }
        4:   37:}
        -:   38:
        -:   39:/**
        -:   40: * @brief Writes a digital value (HIGH or LOW) to a GPIO pin.
        -:   41: * 
        -:   42: * Manipulates the PORT register to set the pin state.
        -:   43: * 
        -:   44: * @param port The GPIO port.
        -:   45: * @param pin The pin number (0-7).
        -:   46: * @param state The state to write (GPIO_LOW or GPIO_HIGH).
        -:   47: */
        4:   48:void GPIO_Write(gpio_port_t port, uint8_t pin, gpio_state_t state) {
        4:   49:    switch (port) {
        4:   50:        case GPIO_PORTB:
        4:   51:            WRITE_BIT(PORTB, pin, state);
        4:   52:            break;
    #####:   53:        case GPIO_PORTC:
    #####:   54:            WRITE_BIT(PORTC, pin, state);
    #####:   55:            break;
    #####:   56:        case GPIO_PORTD:
    #####:   57:            WRITE_BIT(PORTD, pin, state);
    #####:   58:            break;
        -:   59:    }
        4:   60:}
        -:   61:
        -:   62:/**
        -:   63: * @brief Reads the logical state of a GPIO pin.
        -:   64: * 
        -:   65: * Reads from the PIN register to determing input state.
        -:   66: * 
        -:   67: * @param port The GPIO port.
        -:   68: * @param pin The pin number (0-7).
        -:   69: * @return gpio_state_t The current state (GPIO_LOW or GPIO_HIGH).
        -:   70: */
        4:   71:gpio_state_t GPIO_Read(gpio_port_t port, uint8_t pin) {
        4:   72:    switch (port) {
        4:   73:        case GPIO_PORTB:
        4:   74:            return CHECK_BIT(PINB, pin);
    #####:   75:        case GPIO_PORTC:
    #####:   76:            return CHECK_BIT(PINC, pin);
    #####:   77:        case GPIO_PORTD:
    #####:   78:            return CHECK_BIT(PIND, pin);
        -:   79:    }
    #####:   80:    return GPIO_LOW;
        -:   81:}
        -:   82:
        -:   83:/**
        -:   84: * @brief Toggles the state of a GPIO pin.
        -:   85: * 
        -:   86: * Inverts the current bit in the PORT register.
        -:   87: * 
        -:   88: * @param port The GPIO port.
        -:   89: * @param pin The pin number (0-7).
        -:   90: */
    #####:   91:void GPIO_Toggle(gpio_port_t port, uint8_t pin) {
    #####:   92:    switch (port) {
    #####:   93:        case GPIO_PORTB:
    #####:   94:            TOGGLE_BIT(PORTB, pin);
    #####:   95:            break;
    #####:   96:        case GPIO_PORTC:
    #####:   97:            TOGGLE_BIT(PORTC, pin);
    #####:   98:            break;
    #####:   99:        case GPIO_PORTD:
    #####:  100:            TOGGLE_BIT(PORTD, pin);
    #####:  101:            break;
        -:  102:    }
    #####:  103:}
