        -:    0:Source:test/test_gpio.c
        -:    0:Graph:bin/coverage/test_gpio.gcno
        -:    0:Data:bin/coverage/test_gpio.gcda
        -:    0:Runs:2
        -:    1:#include <stdio.h>
        -:    2:#include "framework/test_framework.h"
        -:    3:
        -:    4:// Include Mocks first
        -:    5:#include "mocks/avr/io.h"
        -:    6:
        -:    7:// Include Driver to test
        -:    8:// We include the .c file directly to have access to everything, 
        -:    9:// and because we are not linking against the driver library in this simple setup
        -:   10:#include "../../drivers/gpio/gpio.c"
        -:   11:
        2:   12:void test_gpio_init_output(void) {
        -:   13:    // Test initializing PB5 as OUTPUT
        2:   14:    GPIO_Init(GPIO_PORTB, 5, GPIO_OUTPUT);
        -:   15:    
        -:   16:    // Check if DDRB bit 5 is set
       2*:   17:    ASSERT_EQUAL((1 << 5), DDRB & (1 << 5));
        -:   18:}
        -:   19:
        2:   20:void test_gpio_init_input(void) {
        -:   21:    // Test initializing PB5 as INPUT
        -:   22:    // Set it to output first to ensure it changes
        2:   23:    DDRB = (1 << 5);
        2:   24:    GPIO_Init(GPIO_PORTB, 5, GPIO_INPUT);
        -:   25:    
        -:   26:    // Check if DDRB bit 5 is cleared
       2*:   27:    ASSERT_EQUAL(0, DDRB & (1 << 5));
        -:   28:}
        -:   29:
        2:   30:void test_gpio_write_high(void) {
        2:   31:    GPIO_Write(GPIO_PORTB, 5, GPIO_HIGH);
       2*:   32:    ASSERT_EQUAL((1 << 5), PORTB & (1 << 5));
        -:   33:}
        -:   34:
        2:   35:void test_gpio_write_low(void) {
        2:   36:    PORTB = (1 << 5); // Set high initially
        2:   37:    GPIO_Write(GPIO_PORTB, 5, GPIO_LOW);
       2*:   38:    ASSERT_EQUAL(0, PORTB & (1 << 5));
        -:   39:}
        -:   40:
        2:   41:void test_gpio_read(void) {
        2:   42:    PINB = (1 << 3); // Simulate Input High on Pin 3
        2:   43:    gpio_state_t state = GPIO_Read(GPIO_PORTB, 3);
       2*:   44:    ASSERT_EQUAL(GPIO_HIGH, state);
        -:   45:    
        2:   46:    PINB = 0; // Simulate Input Low
        2:   47:    state = GPIO_Read(GPIO_PORTB, 3);
       2*:   48:    ASSERT_EQUAL(GPIO_LOW, state);
        -:   49:}
        -:   50:
        2:   51:int main(void) {
        2:   52:    printf("--- GPIO Driver Unit Tests ---\n");
        -:   53:    
       2*:   54:    RUN_TEST(test_gpio_init_output);
       2*:   55:    RUN_TEST(test_gpio_init_input);
       2*:   56:    RUN_TEST(test_gpio_write_high);
       2*:   57:    RUN_TEST(test_gpio_write_low);
       2*:   58:    RUN_TEST(test_gpio_read);
        -:   59:    
        -:   60:    // Add more tests as needed
        -:   61:    
        2:   62:    return 0;
        -:   63:}
